error[E0277]: the trait bound `Rectangle: cgp::prelude::CanUseComponent<AreaCalculatorComponent>` is not satisfied
  --> examples/src/base_area_2.rs:41:9
   |
41 |         AreaCalculatorComponent,
   |         ^^^^^^^^^^^^^^^^^^^^^^^ unsatisfied trait bound
   |
help: the trait `cgp::prelude::HasField<Symbol<5, cgp::prelude::Chars<'w', cgp::prelude::Chars<'i', cgp::prelude::Chars<'d', cgp::prelude::Chars<'t', cgp::prelude::Chars<'h', Nil>>>>>>>` is not implemented for `Rectangle`
  --> examples/src/base_area_2.rs:27:1
   |
27 | pub struct Rectangle {
   | ^^^^^^^^^^^^^^^^^^^^
note: required for `Rectangle` to implement `HasRectangleFields`
  --> examples/src/base_area_2.rs:8:1
   |
 8 | #[cgp_auto_getter]
   | ^^^^^^^^^^^^^^^^^^
 9 | pub trait HasRectangleFields {
   |           ^^^^^^^^^^^^^^^^^^
note: required for `RectangleArea` to implement `cgp::prelude::IsProviderFor<AreaCalculatorComponent, Rectangle>`
  --> examples/src/base_area_2.rs:15:1
   |
15 | #[cgp_impl(new RectangleArea)]
   | ^^^^^^^^^^^^^^^^^^^^^^^^^^^^^^
...
18 |     Self: HasRectangleFields,
   |           ------------------ unsatisfied trait bound introduced here
   = note: required for `Rectangle` to implement `cgp::prelude::CanUseComponent<AreaCalculatorComponent>`
note: required by a bound in `CanUseRectangle`
  --> examples/src/base_area_2.rs:39:1
   |
39 | / check_components! {
40 | |     CanUseRectangle for Rectangle {
41 | |         AreaCalculatorComponent,
42 | |     }
43 | | }
   | |_^ required by this bound in `CanUseRectangle`
   = note: this error originates in the attribute macro `cgp_auto_getter` which comes from the expansion of the macro `check_components` (in Nightly builds, run with -Z macro-backtrace for more info)

