error[E0277]: the trait bound `base_area::Rectangle: cgp::prelude::CanUseComponent<base_area::AreaCalculatorComponent>` is not satisfied
  --> src/base_area.rs:41:9
   |
41 |         AreaCalculatorComponent,
   |         ^^^^^^^^^^^^^^^^^^^^^^^ unsatisfied trait bound
   |
help: the trait `HasField<Symbol<6, cgp::prelude::Chars<'h', cgp::prelude::Chars<'e', cgp::prelude::Chars<'i', cgp::prelude::Chars<'g', cgp::prelude::Chars<_, cgp::prelude::Chars<'t', Nil>>>>>>>>` is not implemented for `base_area::Rectangle`
      but trait `HasField<Symbol<5, cgp::prelude::Chars<'w', cgp::prelude::Chars<'i', cgp::prelude::Chars<'d', cgp::prelude::Chars<'t', cgp::prelude::Chars<_, Nil>>>>>>>` is implemented for it
  --> src/base_area.rs:25:10
   |
25 | #[derive(HasField)]
   |          ^^^^^^^^
note: required for `base_area::Rectangle` to implement `base_area::HasRectangleFields`
  --> src/base_area.rs:8:1
   |
 8 | #[cgp_auto_getter]
   | ^^^^^^^^^^^^^^^^^^
 9 | pub trait HasRectangleFields {
   |           ^^^^^^^^^^^^^^^^^^
note: required for `base_area::RectangleArea` to implement `cgp::prelude::IsProviderFor<base_area::AreaCalculatorComponent, base_area::Rectangle>`
  --> src/base_area.rs:15:1
   |
15 | #[cgp_impl(new RectangleArea)]
   | ^^^^^^^^^^^^^^^^^^^^^^^^^^^^^^
...
18 |     Self: HasRectangleFields,
   |           ------------------ unsatisfied trait bound introduced here
   = note: required for `base_area::Rectangle` to implement `cgp::prelude::CanUseComponent<base_area::AreaCalculatorComponent>`
note: required by a bound in `base_area::CanUseRectangle`
  --> src/base_area.rs:39:1
   |
39 | / check_components! {
40 | |     CanUseRectangle for Rectangle {
41 | |         AreaCalculatorComponent,
42 | |     }
43 | | }
   | |_^ required by this bound in `CanUseRectangle`
   = note: this error originates in the derive macro `HasField` which comes from the expansion of the macro `check_components` (in Nightly builds, run with -Z macro-backtrace for more info)

