error[E0277]: the trait bound `density::RectangleArea: density::AreaCalculator<density::Rectangle>` is not satisfied
  --> src/density.rs:64:9
   |
64 |         DensityCalculatorComponent,
   |         ^^^^^^^^^^^^^^^^^^^^^^^^^^ unsatisfied trait bound
   |
help: the trait `density::AreaCalculator<density::Rectangle>` is not implemented for `density::RectangleArea`
  --> src/density.rs:25:1
   |
25 | #[cgp_impl(new RectangleArea)]
   | ^^^^^^^^^^^^^^^^^^^^^^^^^^^^
help: the trait `density::AreaCalculator<__Context__>` is implemented for `density::RectangleArea`
  --> src/density.rs:25:1
   |
25 | #[cgp_impl(new RectangleArea)]
   | ^^^^^^^^^^^^^^^^^^^^^^^^^^^^^^
note: required for `density::Rectangle` to implement `density::CanCalculateArea`
  --> src/density.rs:3:1
   |
 3 | #[cgp_component(AreaCalculator)]
   | ^^^^^^^^^^^^^^^^^^^^^^^^^^^^^^^^
note: required for `DensityFromMassField` to implement `cgp::prelude::IsProviderFor<DensityCalculatorComponent, density::Rectangle>`
  --> src/density.rs:35:1
   |
35 | #[cgp_impl(new DensityFromMassField)]
   | ^^^^^^^^^^^^^^^^^^^^^^^^^^^^^^^^^^^^^
...
38 |     Self: CanCalculateArea + HasMass,
   |           ---------------- unsatisfied trait bound introduced here
   = note: required for `density::Rectangle` to implement `cgp::prelude::CanUseComponent<DensityCalculatorComponent>`
note: required by a bound in `density::CanUseRectangle`
  --> src/density.rs:62:1
   |
62 | / check_components! {
63 | |     CanUseRectangle for Rectangle {
64 | |         DensityCalculatorComponent,
65 | |     }
66 | | }
   | |_^ required by this bound in `CanUseRectangle`
   = note: this error originates in the attribute macro `cgp_impl` which comes from the expansion of the macro `check_components` (in Nightly builds, run with -Z macro-backtrace for more info)


